Esperando conexión...
Conexión aceptada. Esperando mensajes
Entrando en delay de 30 segundos...
Bloque de 91184 bytes recibido
Bloque de 14480 bytes recibido
Bloque de 8688 bytes recibido
Bloque de 18824 bytes recibido
Bloque de 18824 bytes recibido
Bloque de 17376 bytes recibido
Bloque de 13032 bytes recibido
Bloque de 20272 bytes recibido
Bloque de 41992 bytes recibido
Bloque de 37648 bytes recibido
Bloque de 62264 bytes recibido
Bloque de 65016 bytes recibido
Bloque de 14480 bytes recibido
Bloque de 28960 bytes recibido
Bloque de 14480 bytes recibido
Bloque de 43440 bytes recibido
Bloque de 37648 bytes recibido
Bloque de 65792 bytes recibido
Bloque de 14480 bytes recibido
Bloque de 28960 bytes recibido
Bloque de 18824 bytes recibido
Bloque de 76744 bytes recibido
Bloque de 65792 bytes recibido
Bloque de 14480 bytes recibido
Bloque de 17376 bytes recibido
Bloque de 11584 bytes recibido
Bloque de 11584 bytes recibido
Bloque de 46336 bytes recibido
Bloque de 20272 bytes recibido
Bloque de 23168 bytes recibido
Bloque de 60000 bytes recibido
Bloque de 14480 bytes recibido
Bloque de 1448 bytes recibido
Bloque de 23168 bytes recibido
Bloque de 23168 bytes recibido
Bloque de 17376 bytes recibido
Bloque de 43440 bytes recibido
Bloque de 34752 bytes recibido
Bloque de 46968 bytes recibido
Bloque de 14480 bytes recibido
Bloque de 28960 bytes recibido
Bloque de 36200 bytes recibido
Bloque de 21720 bytes recibido
Bloque de 103440 bytes recibido
Bloque de 14480 bytes recibido
Bloque de 15928 bytes recibido
Bloque de 28960 bytes recibido
Bloque de 41992 bytes recibido
Bloque de 20272 bytes recibido
Bloque de 23168 bytes recibido
Bloque de 60000 bytes recibido
Bloque de 14480 bytes recibido
Bloque de 20272 bytes recibido
Bloque de 8688 bytes recibido
Bloque de 15928 bytes recibido
Bloque de 20272 bytes recibido
Bloque de 39096 bytes recibido
Bloque de 18824 bytes recibido
Bloque de 33304 bytes recibido
Bloque de 33936 bytes recibido
Bloque de 14480 bytes recibido
Bloque de 13032 bytes recibido
Bloque de 15928 bytes recibido
Bloque de 28960 bytes recibido
Bloque de 28960 bytes recibido
Bloque de 68056 bytes recibido
Bloque de 35384 bytes recibido
Bloque de 14480 bytes recibido
Bloque de 28960 bytes recibido
Bloque de 13032 bytes recibido
Bloque de 44888 bytes recibido
Bloque de 43440 bytes recibido
Bloque de 15928 bytes recibido
Bloque de 44072 bytes recibido
Bloque de 14480 bytes recibido
Bloque de 21720 bytes recibido
Bloque de 7240 bytes recibido
Bloque de 18824 bytes recibido
Bloque de 17376 bytes recibido
Bloque de 14480 bytes recibido
Bloque de 44888 bytes recibido
Bloque de 14480 bytes recibido
Bloque de 20272 bytes recibido
Bloque de 31040 bytes recibido
Bloque de 14480 bytes recibido
Bloque de 24616 bytes recibido
Bloque de 15928 bytes recibido
Bloque de 46336 bytes recibido
Bloque de 37648 bytes recibido
Bloque de 33304 bytes recibido
Bloque de 32488 bytes recibido
Bloque de 14480 bytes recibido
Bloque de 13032 bytes recibido
Bloque de 34752 bytes recibido
Bloque de 1448 bytes recibido
Bloque de 78192 bytes recibido
Bloque de 2896 bytes recibido
Bloque de 43440 bytes recibido
Bloque de 16560 bytes recibido
Bloque de 14480 bytes recibido
Bloque de 14480 bytes recibido
Bloque de 33304 bytes recibido
Bloque de 10136 bytes recibido
Bloque de 101360 bytes recibido
Bloque de 31040 bytes recibido
Bloque de 14480 bytes recibido
Bloque de 28960 bytes recibido
Bloque de 57920 bytes recibido
Bloque de 5792 bytes recibido
Bloque de 37648 bytes recibido
Bloque de 60000 bytes recibido
Bloque de 14480 bytes recibido
Bloque de 28960 bytes recibido
Bloque de 13056 bytes recibido
Datos recibidos después del delay: 3333296 bytes
