Esperando conexión...
Conexión aceptada. Esperando mensajes
Entrando en delay de 20 segundos...
Bloque de 102400 bytes recibido
Bloque de 102400 bytes recibido
Bloque de 102400 bytes recibido
Bloque de 101576 bytes recibido
Bloque de 32664 bytes recibido
Bloque de 48996 bytes recibido
Bloque de 32664 bytes recibido
Bloque de 16332 bytes recibido
Bloque de 16332 bytes recibido
Bloque de 40908 bytes recibido
Bloque de 16384 bytes recibido
Bloque de 52 bytes recibido
Bloque de 16332 bytes recibido
Bloque de 52 bytes recibido
Bloque de 16332 bytes recibido
Bloque de 52 bytes recibido
Bloque de 12288 bytes recibido
Bloque de 32664 bytes recibido
Bloque de 69736 bytes recibido
Bloque de 102400 bytes recibido
Bloque de 81660 bytes recibido
Bloque de 20740 bytes recibido
Bloque de 65328 bytes recibido
Bloque de 37072 bytes recibido
Bloque de 102400 bytes recibido
Bloque de 32664 bytes recibido
Bloque de 69736 bytes recibido
Bloque de 65328 bytes recibido
Bloque de 37072 bytes recibido
Bloque de 65328 bytes recibido
Bloque de 37072 bytes recibido
Bloque de 102400 bytes recibido
Bloque de 81660 bytes recibido
Bloque de 20740 bytes recibido
Bloque de 102400 bytes recibido
Bloque de 81660 bytes recibido
Bloque de 20740 bytes recibido
Bloque de 81660 bytes recibido
Bloque de 20740 bytes recibido
Bloque de 97992 bytes recibido
Bloque de 4408 bytes recibido
Bloque de 102400 bytes recibido
Bloque de 65328 bytes recibido
Bloque de 37072 bytes recibido
Bloque de 65328 bytes recibido
Bloque de 37072 bytes recibido
Bloque de 81660 bytes recibido
Bloque de 20740 bytes recibido
Bloque de 65328 bytes recibido
Bloque de 37072 bytes recibido
Bloque de 81660 bytes recibido
Bloque de 20740 bytes recibido
Bloque de 65328 bytes recibido
Bloque de 37072 bytes recibido
Bloque de 81660 bytes recibido
Bloque de 20740 bytes recibido
Bloque de 65328 bytes recibido
Bloque de 37072 bytes recibido
Bloque de 32664 bytes recibido
Bloque de 69736 bytes recibido
Bloque de 29964 bytes recibido
Datos recibidos después del delay: 3145728 bytes
