Esperando conexi贸n...
Conexi贸n aceptada. Esperando mensaje de sincronizaci贸n...

Enviando mensaje de saludo
Recibido saludo de sincronizaci贸n del servidor: ACK
	Bloque enviado de 204800 bytes
	Bloque enviado de 204800 bytes
	Bloque enviado de 204800 bytes
	Bloque enviado de 204800 bytes
	Bloque enviado de 204800 bytes
	Bloque enviado de 204800 bytes
	Bloque enviado de 204800 bytes
	Bloque enviado de 204800 bytes
	Bloque enviado de 204800 bytes
	Bloque enviado de 204800 bytes
	Bloque enviado de 204800 bytes
	Bloque enviado de 204800 bytes
	Bloque enviado de 204800 bytes
	Bloque enviado de 204800 bytes
	Bloque enviado de 204800 bytes
	Bloque enviado de 73728 bytes
Cliente: Enviados 3145728 bytes

Fin y cierre de socket