Esperando conexión...
Conexión aceptada. Esperando mensajes
Entrando en delay de 30 segundos...
Bloque de 91184 bytes recibido
Bloque de 18824 bytes recibido
Bloque de 33304 bytes recibido
Bloque de 153488 bytes recibido
Bloque de 14480 bytes recibido
Bloque de 28960 bytes recibido
Bloque de 57920 bytes recibido
Bloque de 75296 bytes recibido
Bloque de 13664 bytes recibido
Bloque de 14480 bytes recibido
Bloque de 28960 bytes recibido
Bloque de 66608 bytes recibido
Bloque de 75296 bytes recibido
Bloque de 19456 bytes recibido
Bloque de 14480 bytes recibido
Bloque de 28960 bytes recibido
Bloque de 18824 bytes recibido
Bloque de 115840 bytes recibido
Bloque de 26696 bytes recibido
Bloque de 14480 bytes recibido
Bloque de 21720 bytes recibido
Bloque de 7240 bytes recibido
Bloque de 18824 bytes recibido
Bloque de 13032 bytes recibido
Bloque de 50680 bytes recibido
Bloque de 18824 bytes recibido
Bloque de 52128 bytes recibido
Bloque de 7872 bytes recibido
Bloque de 14480 bytes recibido
Bloque de 17376 bytes recibido
Bloque de 11584 bytes recibido
Bloque de 18824 bytes recibido
Bloque de 17376 bytes recibido
Bloque de 21720 bytes recibido
Bloque de 36200 bytes recibido
Bloque de 23168 bytes recibido
Bloque de 44072 bytes recibido
Bloque de 14480 bytes recibido
Bloque de 24616 bytes recibido
Bloque de 40544 bytes recibido
Bloque de 13032 bytes recibido
Bloque de 44888 bytes recibido
Bloque de 34752 bytes recibido
Bloque de 7240 bytes recibido
Bloque de 25248 bytes recibido
Bloque de 14480 bytes recibido
Bloque de 28960 bytes recibido
Bloque de 57920 bytes recibido
Bloque de 36200 bytes recibido
Bloque de 44888 bytes recibido
Bloque de 22352 bytes recibido
Bloque de 14480 bytes recibido
Bloque de 28960 bytes recibido
Bloque de 52128 bytes recibido
Bloque de 109232 bytes recibido
Bloque de 14480 bytes recibido
Bloque de 28960 bytes recibido
Bloque de 57920 bytes recibido
Bloque de 82536 bytes recibido
Bloque de 20904 bytes recibido
Bloque de 14480 bytes recibido
Bloque de 28960 bytes recibido
Bloque de 52128 bytes recibido
Bloque de 23168 bytes recibido
Bloque de 20272 bytes recibido
Bloque de 46336 bytes recibido
Bloque de 18824 bytes recibido
Bloque de 632 bytes recibido
Bloque de 14480 bytes recibido
Bloque de 14480 bytes recibido
Bloque de 14480 bytes recibido
Bloque de 7240 bytes recibido
Bloque de 11584 bytes recibido
Bloque de 17376 bytes recibido
Bloque de 21720 bytes recibido
Bloque de 15928 bytes recibido
Bloque de 21720 bytes recibido
Bloque de 46336 bytes recibido
Bloque de 19456 bytes recibido
Bloque de 14480 bytes recibido
Bloque de 28960 bytes recibido
Bloque de 36200 bytes recibido
Bloque de 83984 bytes recibido
Bloque de 21720 bytes recibido
Bloque de 19456 bytes recibido
Bloque de 14480 bytes recibido
Bloque de 28960 bytes recibido
Bloque de 18824 bytes recibido
Bloque de 39096 bytes recibido
Bloque de 37648 bytes recibido
Bloque de 49232 bytes recibido
Bloque de 16560 bytes recibido
Bloque de 14480 bytes recibido
Bloque de 28960 bytes recibido
Bloque de 57920 bytes recibido
Bloque de 86880 bytes recibido
Bloque de 16560 bytes recibido
Bloque de 14480 bytes recibido
Bloque de 28960 bytes recibido
Bloque de 57920 bytes recibido
Bloque de 18824 bytes recibido
Bloque de 41992 bytes recibido
Bloque de 39716 bytes recibido
Datos recibidos después del delay: 3351412 bytes
